Neuspešno: Dr. Ivana Ribara 91a, MZ Kozara, Beograd, Serbia (ID: 201)
Neuspešno: Kumodraška 336, Kumodraž, Beograd, Serbia (ID: 203)
Neuspešno: Alekse Ace Simovića 2a, Obrenovac, Beograd, Serbia (ID: 205)
Neuspešno: Narodnih Heroja 30,Carina, Beograd, Serbia (ID: 208)
Neuspešno: Pilota Mihajla Petrovića 4, Rakovica, Beograd, Serbia (ID: 209)
Neuspešno: Kumodraška 97, Kumodraž, Beograd, Serbia (ID: 212)
Neuspešno: Meštrovićeva 32, Braće Jerkovića, Beograd, Serbia (ID: 213)
Neuspešno: Dr. Ivana Ribara 91a, MZ Kozara, Beograd, Serbia (ID: 201)
Neuspešno: Nedeljka Gvozdenovića 24a, Bežanijska kosa III, Beograd, Serbia (ID: 219)
Neuspešno: Kumodraška 336, Kumodraž, Beograd, Serbia (ID: 203)
Neuspešno: Novi Beograd, Delta City, Jurija Gagarina 16, Beograd, Serbia (ID: 225)
Neuspešno: Dr. Ivana Ribara 91a, MZ Kozara, Beograd, Serbia (ID: 201)
Neuspešno: Alekse Ace Simovića 2a, Obrenovac, Beograd, Serbia (ID: 205)
Neuspešno: Majka Jugovića 1, Batajnica, Beograd, Serbia (ID: 227)
Neuspešno: Kumodraška 336, Kumodraž, Beograd, Serbia (ID: 203)
Neuspešno: Narodnih Heroja 30,Carina, Beograd, Serbia (ID: 208)
Neuspešno: Sutjeska 8 br.2, Krnjaca, Beograd, Serbia (ID: 238)
Neuspešno: Alekse Ace Simovića 2a, Obrenovac, Beograd, Serbia (ID: 205)
Neuspešno: Pilota Mihajla Petrovića 4, Rakovica, Beograd, Serbia (ID: 209)
Neuspešno: Svetogorska 7 (Svetogorska), Beograd, Serbia (ID: 263)
Neuspešno: Narodnih Heroja 30,Carina, Beograd, Serbia (ID: 208)
Neuspešno: Kumodraška 97, Kumodraž, Beograd, Serbia (ID: 212)
Neuspešno: Auto put za Novi Sad 124-126, Beograd, Serbia (ID: 265)
Neuspešno: Pilota Mihajla Petrovića 4, Rakovica, Beograd, Serbia (ID: 209)
Neuspešno: Meštrovićeva 32, Braće Jerkovića, Beograd, Serbia (ID: 213)
Neuspešno: Bulevar Cara Lazara 79a - Liman IV, Novi Sad, Serbia (ID: 268)
Neuspešno: Kumodraška 97, Kumodraž, Beograd, Serbia (ID: 212)
Neuspešno: Nedeljka Gvozdenovića 24a, Bežanijska kosa III, Beograd, Serbia (ID: 219)
Neuspešno: Stevana Dronjskog 1, Novi Sad, Serbia (ID: 286)
Neuspešno: Meštrovićeva 32, Braće Jerkovića, Beograd, Serbia (ID: 213)
Neuspešno: Novi Beograd, Delta City, Jurija Gagarina 16, Beograd, Serbia (ID: 225)
Neuspešno: Ul.Kisačka 34, Novi Sad, Serbia (ID: 292)
Neuspešno: Nedeljka Gvozdenovića 24a, Bežanijska kosa III, Beograd, Serbia (ID: 219)
Neuspešno: Majka Jugovića 1, Batajnica, Beograd, Serbia (ID: 227)
Neuspešno: Ugao ulica Zelena i Danila Kiša, Bečej, Serbia (ID: 303)
Neuspešno: Novi Beograd, Delta City, Jurija Gagarina 16, Beograd, Serbia (ID: 225)
Neuspešno: Sutjeska 8 br.2, Krnjaca, Beograd, Serbia (ID: 238)
Neuspešno: Jo Lajosa bb, Subotica, Serbia (ID: 308)
Neuspešno: Majka Jugovića 1, Batajnica, Beograd, Serbia (ID: 227)
Neuspešno: Svetogorska 7 (Svetogorska), Beograd, Serbia (ID: 263)
Neuspešno: Staparski put bb, naselje Selenča, Sombor, Serbia (ID: 318)
Neuspešno: Sutjeska 8 br.2, Krnjaca, Beograd, Serbia (ID: 238)
Neuspešno: Auto put za Novi Sad 124-126, Beograd, Serbia (ID: 265)
Neuspešno: Donja šuma bb, Novi Sad, Serbia (ID: 325)
Neuspešno: Svetogorska 7 (Svetogorska), Beograd, Serbia (ID: 263)
Neuspešno: Bulevar Cara Lazara 79a - Liman IV, Novi Sad, Serbia (ID: 268)
Neuspešno: ul. Oslobođenja 22, Rumenka, Novi Sad, Serbia (ID: 338)
Neuspešno: Stevana Dronjskog 1, Novi Sad, Serbia (ID: 286)
Neuspešno: Auto put za Novi Sad 124-126, Beograd, Serbia (ID: 265)
Neuspešno: Vizantijski Bulevar 76, Duvaniste III, Niš, Serbia (ID: 342)
Neuspešno: Ul.Kisačka 34, Novi Sad, Serbia (ID: 292)
Neuspešno: Bulevar Cara Lazara 79a - Liman IV, Novi Sad, Serbia (ID: 268)
Neuspešno: Kneza Miloša bb Sarina Medja, Jagodina, Serbia (ID: 347)
Neuspešno: Ugao ulica Zelena i Danila Kiša, Bečej, Serbia (ID: 303)
Neuspešno: Stevana Dronjskog 1, Novi Sad, Serbia (ID: 286)
Neuspešno: Petrijevska 4, MZ Zlatno Brdo, Smederevo, Serbia (ID: 361)
Neuspešno: Jo Lajosa bb, Subotica, Serbia (ID: 308)
Neuspešno: Ul.Kisačka 34, Novi Sad, Serbia (ID: 292)
Neuspešno: Pariske komune bb, Vranje, Serbia (ID: 381)
Neuspešno: Staparski put bb, naselje Selenča, Sombor, Serbia (ID: 318)
Neuspešno: Voje Bogdanovića 16, Veliko Gradišste, Serbia (ID: 383)
Neuspešno: Ugao ulica Zelena i Danila Kiša, Bečej, Serbia (ID: 303)
Neuspešno: Donja šuma bb, Novi Sad, Serbia (ID: 325)
Neuspešno: Svetogorska bb, Naselje Aerodrom,, Kragujevac, Serbia (ID: 386)
Neuspešno: Jo Lajosa bb, Subotica, Serbia (ID: 308)
Neuspešno: ul. Oslobođenja 22, Rumenka, Novi Sad, Serbia (ID: 338)
Neuspešno: Dr.Zorana Djindjica 10 Gradski dom, Kragujevac, Serbia (ID: 387)
Neuspešno: Staparski put bb, naselje Selenča, Sombor, Serbia (ID: 318)
Neuspešno: Vizantijski Bulevar 76, Duvaniste III, Niš, Serbia (ID: 342)
Neuspešno: Spasenije Cane Babović bb, Erdoglija, Kragujevac, Serbia (ID: 388)
Neuspešno: Donja šuma bb, Novi Sad, Serbia (ID: 325)
Neuspešno: Kneza Miloša bb Sarina Medja, Jagodina, Serbia (ID: 347)
Neuspešno: Grad Karare 2NJ, Kragujevac, Serbia (ID: 404)
Neuspešno: ul. Oslobođenja 22, Rumenka, Novi Sad, Serbia (ID: 338)
Neuspešno: Petrijevska 4, MZ Zlatno Brdo, Smederevo, Serbia (ID: 361)
Neuspešno: Djure Danicica  br. 16 - 20, Smederevo, Serbia (ID: 408)
Neuspešno: Vizantijski Bulevar 76, Duvaniste III, Niš, Serbia (ID: 342)
Neuspešno: Pariske komune bb, Vranje, Serbia (ID: 381)
Neuspešno: Koste Stamenković 21, Leskovac, Serbia (ID: 414)
Neuspešno: Kneza Miloša bb Sarina Medja, Jagodina, Serbia (ID: 347)
Neuspešno: Voje Bogdanovića 16, Veliko Gradišste, Serbia (ID: 383)
Neuspešno: Braće Ninčić bb, Bajina Bašta, Serbia (ID: 419)
Neuspešno: Svetogorska bb, Naselje Aerodrom,, Kragujevac, Serbia (ID: 386)
Neuspešno: Valterova 106, Prijepolje, Serbia (ID: 424)
Neuspešno: Dr.Zorana Djindjica 10 Gradski dom, Kragujevac, Serbia (ID: 387)
Neuspešno: Kneza Mihajla 84-86, Valjevo, Serbia (ID: 431)
Neuspešno: Spasenije Cane Babović bb, Erdoglija, Kragujevac, Serbia (ID: 388)
Neuspešno: Sunčani vrhovi, Konaci, Raška, Serbia (ID: 436)
Neuspešno: Grad Karare 2NJ, Kragujevac, Serbia (ID: 404)
Neuspešno: Cvetni Trg 1, Šabac, Serbia (ID: 442)
Neuspešno: Djure Danicica  br. 16 - 20, Smederevo, Serbia (ID: 408)
Neuspešno: Vikend naselje,  kompleks Kraljevi čardaci, Raška, Serbia (ID: 445)
Neuspešno: Koste Stamenković 21, Leskovac, Serbia (ID: 414)
Neuspešno: Ulica mira 2, Boljevci, Beograd, Serbia (ID: 451)
Neuspešno: Braće Ninčić bb, Bajina Bašta, Serbia (ID: 419)
Neuspešno: Trg Oslobođenja 1, Omoljica, Pančevo, Serbia (ID: 453)
Neuspešno: Valterova 106, Prijepolje, Serbia (ID: 424)
Neuspešno: K. Mihajla Obrenovića 10, Pančevo, Serbia (ID: 456)
Neuspešno: Kneza Mihajla 84-86, Valjevo, Serbia (ID: 431)
Neuspešno: Dragiša Brašovana 1, Beograd, Serbia (ID: 495)
Neuspešno: Sunčani vrhovi, Konaci, Raška, Serbia (ID: 436)
Neuspešno: Kneza Mihajla 33 f, Aranđelovac, Serbia (ID: 502)
Neuspešno: Cvetni Trg 1, Šabac, Serbia (ID: 442)
Neuspešno: Edvarda Griga 7b (Resnik), Beograd, Serbia (ID: 503)
Neuspešno: Vikend naselje,  kompleks Kraljevi čardaci, Raška, Serbia (ID: 445)
Neuspešno: Kneza Miloša 216, Aranđelovac, Serbia (ID: 510)
Neuspešno: Ulica mira 2, Boljevci, Beograd, Serbia (ID: 451)
Neuspešno: Ismeta Mujazinovića bb, Beograd, Serbia (ID: 519)
Neuspešno: Trg Oslobođenja 1, Omoljica, Pančevo, Serbia (ID: 453)
Neuspešno: K. Mihajla Obrenovića 10, Pančevo, Serbia (ID: 456)
Neuspešno: Dragiša Brašovana 1, Beograd, Serbia (ID: 495)
Neuspešno: Kneza Mihajla 33 f, Aranđelovac, Serbia (ID: 502)
Neuspešno: Edvarda Griga 7b (Resnik), Beograd, Serbia (ID: 503)
Neuspešno: Kneza Miloša 216, Aranđelovac, Serbia (ID: 510)
Neuspešno: Ismeta Mujazinovića bb, Beograd, Serbia (ID: 519)
